2021-01-13 23:00:45.186   Log opened. (Time zone: UTC+07:00)
2021-01-13 23:00:45.186   Setup version: Inno Setup version 5.6.1 (a)
2021-01-13 23:00:45.186   Original Setup EXE: D:\Installer\Programs\Patch_Dapodik_2021.a.exe
2021-01-13 23:00:45.187   Setup command line: /SL5="$7048E,2889353,59392,D:\Installer\Programs\Patch_Dapodik_2021.a.exe" /SP- /VERYSILENT /SUPPRESSMSGBOXES /LOG=Patch_Dapodik_2021.a.log /NORESTART
2021-01-13 23:00:45.187   Windows version: 10.0.19042  (NT platform: Yes)
2021-01-13 23:00:45.187   64-bit Windows: Yes
2021-01-13 23:00:45.187   Processor architecture: x64
2021-01-13 23:00:45.187   User privileges: Administrative
2021-01-13 23:00:45.205   64-bit install mode: No
2021-01-13 23:00:45.215   Created temporary directory: C:\Users\User\AppData\Local\Temp\is-AV3ND.tmp
2021-01-13 23:00:45.267   -- DLL function import --
2021-01-13 23:00:45.267   Function name: MsiQueryProductStateA
2021-01-13 23:00:45.267   DLL name: msi.dll
2021-01-13 23:00:45.267   Dest DLL name: msi.dll
2021-01-13 23:00:45.267   Importing the DLL function.
2021-01-13 23:00:45.269   Successfully imported the DLL function. Delay loaded? No
2021-01-13 23:00:45.269   -- DLL function import --
2021-01-13 23:00:45.269   Function name: SetEnvironmentVariableA
2021-01-13 23:00:45.269   DLL name: kernel32.dll
2021-01-13 23:00:45.269   Dest DLL name: kernel32.dll
2021-01-13 23:00:45.269   Importing the DLL function.
2021-01-13 23:00:45.269   Successfully imported the DLL function. Delay loaded? No
2021-01-13 23:00:45.269   Message box (Yes/No):
                          Bagi sekolah yang telah berhasil melakukan sinkronisasi pada Aplikasi Dapodik versi 2021, maka disarankan menggunakan Fresh Installer versi 2021. Terima Kasih
2021-01-13 23:00:47.340   User chose Yes.
2021-01-13 23:00:47.544   Starting the installation process.
2021-01-13 23:00:47.549   Directory for uninstall files: C:\Program Files (x86)\Dapodik\uninst
2021-01-13 23:00:47.626   Will append to existing uninstall log: C:\Program Files (x86)\Dapodik\uninst\unins000.dat
2021-01-13 23:00:47.629   -- File entry --
2021-01-13 23:00:47.629   Dest filename: C:\Program Files (x86)\Dapodik\uninst\unins000.exe
2021-01-13 23:00:47.690   Time stamp of our file: 2021-01-13 23:00:44.103
2021-01-13 23:00:47.690   Dest file exists.
2021-01-13 23:00:47.690   Time stamp of existing file: 2021-01-13 22:35:47.678
2021-01-13 23:00:47.691   Version of our file: 51.52.0.0
2021-01-13 23:00:48.029   Version of existing file: 51.52.0.0
2021-01-13 23:00:48.030   Installing the file.
2021-01-13 23:00:48.034   Uninstaller requires administrator: Yes
2021-01-13 23:00:48.035   Leaving temporary file in place for now.
2021-01-13 23:00:48.035   -- File entry --
2021-01-13 23:00:48.036   Dest filename: C:\Program Files (x86)\Dapodik\dataweb\apps\app\app.php
2021-01-13 23:00:48.036   Time stamp of our file: 2020-08-08 11:17:26.000
2021-01-13 23:00:48.036   Dest file exists.
2021-01-13 23:00:48.036   Time stamp of existing file: 2020-07-18 10:33:00.000
2021-01-13 23:00:48.036   Version of our file: (none)
2021-01-13 23:00:48.037   Version of existing file: (none)
2021-01-13 23:00:48.037   Installing the file.
2021-01-13 23:00:48.045   Successfully installed the file.
2021-01-13 23:00:48.045   -- File entry --
2021-01-13 23:00:48.045   Dest filename: C:\Program Files (x86)\Dapodik\dataweb\apps\src\DataDikdas\Auth.php
2021-01-13 23:00:48.045   Time stamp of our file: 2020-08-18 00:14:48.000
2021-01-13 23:00:48.045   Dest file exists.
2021-01-13 23:00:48.046   Time stamp of existing file: 2020-07-18 23:37:34.000
2021-01-13 23:00:48.046   Version of our file: (none)
2021-01-13 23:00:48.047   Version of existing file: (none)
2021-01-13 23:00:48.047   Installing the file.
2021-01-13 23:00:48.064   Successfully installed the file.
2021-01-13 23:00:48.064   -- File entry --
2021-01-13 23:00:48.065   Dest filename: C:\Program Files (x86)\Dapodik\dataweb\apps\src\DataDikdas\Beranda.php
2021-01-13 23:00:48.065   Time stamp of our file: 2020-08-05 09:45:56.000
2021-01-13 23:00:48.065   Dest file exists.
2021-01-13 23:00:48.066   Time stamp of existing file: 2020-07-09 17:40:40.000
2021-01-13 23:00:48.066   Version of our file: (none)
2021-01-13 23:00:48.107   Version of existing file: (none)
2021-01-13 23:00:48.107   Installing the file.
2021-01-13 23:00:48.115   Successfully installed the file.
2021-01-13 23:00:48.116   -- File entry --
2021-01-13 23:00:48.116   Dest filename: C:\Program Files (x86)\Dapodik\dataweb\apps\src\DataDikdas\CheckboxGroupInfo.php
2021-01-13 23:00:48.116   Time stamp of our file: 2013-07-21 13:05:42.000
2021-01-13 23:00:48.116   Dest file exists.
2021-01-13 23:00:48.117   Time stamp of existing file: 2013-07-21 13:05:42.000
2021-01-13 23:00:48.117   Version of our file: (none)
2021-01-13 23:00:48.155   Version of existing file: (none)
2021-01-13 23:00:48.155   Installing the file.
2021-01-13 23:00:48.159   Successfully installed the file.
2021-01-13 23:00:48.159   -- File entry --
2021-01-13 23:00:48.159   Dest filename: C:\Program Files (x86)\Dapodik\dataweb\apps\src\DataDikdas\ColumnInfo.php
2021-01-13 23:00:48.160   Time stamp of our file: 2019-07-15 07:39:24.000
2021-01-13 23:00:48.160   Dest file exists.
2021-01-13 23:00:48.160   Time stamp of existing file: 2019-07-15 07:39:24.000
2021-01-13 23:00:48.160   Version of our file: (none)
2021-01-13 23:00:48.197   Version of existing file: (none)
2021-01-13 23:00:48.197   Installing the file.
2021-01-13 23:00:48.203   Successfully installed the file.
2021-01-13 23:00:48.203   -- File entry --
2021-01-13 23:00:48.203   Dest filename: C:\Program Files (x86)\Dapodik\dataweb\apps\src\DataDikdas\CustomRest.php
2021-01-13 23:00:48.204   Time stamp of our file: 2020-08-15 11:57:00.000
2021-01-13 23:00:48.204   Dest file exists.
2021-01-13 23:00:48.204   Time stamp of existing file: 2020-07-18 21:59:26.000
2021-01-13 23:00:48.204   Version of our file: (none)
2021-01-13 23:00:48.272   Version of existing file: (none)
2021-01-13 23:00:48.273   Installing the file.
2021-01-13 23:00:48.317   Successfully installed the file.
2021-01-13 23:00:48.318   -- File entry --
2021-01-13 23:00:48.318   Dest filename: C:\Program Files (x86)\Dapodik\dataweb\apps\src\DataDikdas\Download.php
2021-01-13 23:00:48.318   Time stamp of our file: 2020-08-05 09:46:24.000
2021-01-13 23:00:48.318   Dest file exists.
2021-01-13 23:00:48.319   Time stamp of existing file: 2020-02-14 04:22:24.000
2021-01-13 23:00:48.319   Version of our file: (none)
2021-01-13 23:00:48.357   Version of existing file: (none)
2021-01-13 23:00:48.358   Installing the file.
2021-01-13 23:00:48.367   Successfully installed the file.
2021-01-13 23:00:48.367   -- File entry --
2021-01-13 23:00:48.367   Dest filename: C:\Program Files (x86)\Dapodik\dataweb\apps\src\DataDikdas\Excel.php
2021-01-13 23:00:48.367   Time stamp of our file: 2019-08-17 06:24:08.000
2021-01-13 23:00:48.367   Dest file exists.
2021-01-13 23:00:48.368   Time stamp of existing file: 2019-08-17 06:24:08.000
2021-01-13 23:00:48.368   Version of our file: (none)
2021-01-13 23:00:48.407   Version of existing file: (none)
2021-01-13 23:00:48.407   Installing the file.
2021-01-13 23:00:48.412   Successfully installed the file.
2021-01-13 23:00:48.412   -- File entry --
2021-01-13 23:00:48.412   Dest filename: C:\Program Files (x86)\Dapodik\dataweb\apps\src\DataDikdas\ExcelExt.php
2021-01-13 23:00:48.413   Time stamp of our file: 2019-04-09 20:17:48.000
2021-01-13 23:00:48.413   Dest file exists.
2021-01-13 23:00:48.413   Time stamp of existing file: 2019-04-09 20:17:48.000
2021-01-13 23:00:48.413   Version of our file: (none)
2021-01-13 23:00:48.522   Version of existing file: (none)
2021-01-13 23:00:48.522   Installing the file.
2021-01-13 23:00:48.568   Successfully installed the file.
2021-01-13 23:00:48.568   -- File entry --
2021-01-13 23:00:48.568   Dest filename: C:\Program Files (x86)\Dapodik\dataweb\apps\src\DataDikdas\FieldgroupInfo.php
2021-01-13 23:00:48.569   Time stamp of our file: 2013-07-21 13:05:42.000
2021-01-13 23:00:48.569   Dest file exists.
2021-01-13 23:00:48.569   Time stamp of existing file: 2013-07-21 13:05:42.000
2021-01-13 23:00:48.569   Version of our file: (none)
2021-01-13 23:00:48.612   Version of existing file: (none)
2021-01-13 23:00:48.612   Installing the file.
2021-01-13 23:00:48.616   Successfully installed the file.
2021-01-13 23:00:48.616   -- File entry --
2021-01-13 23:00:48.616   Dest filename: C:\Program Files (x86)\Dapodik\dataweb\apps\src\DataDikdas\FieldsetInfo.php
2021-01-13 23:00:48.617   Time stamp of our file: 2013-07-21 13:05:42.000
2021-01-13 23:00:48.617   Dest file exists.
2021-01-13 23:00:48.617   Time stamp of existing file: 2013-07-21 13:05:42.000
2021-01-13 23:00:48.617   Version of our file: (none)
2021-01-13 23:00:48.647   Version of existing file: (none)
2021-01-13 23:00:48.647   Installing the file.
2021-01-13 23:00:48.651   Successfully installed the file.
2021-01-13 23:00:48.651   -- File entry --
2021-01-13 23:00:48.651   Dest filename: C:\Program Files (x86)\Dapodik\dataweb\apps\src\DataDikdas\GroupInfo.php
2021-01-13 23:00:48.652   Time stamp of our file: 2013-07-21 13:05:42.000
2021-01-13 23:00:48.652   Dest file exists.
2021-01-13 23:00:48.652   Time stamp of existing file: 2013-07-21 13:05:42.000
2021-01-13 23:00:48.652   Version of our file: (none)
2021-01-13 23:00:48.686   Version of existing file: (none)
2021-01-13 23:00:48.686   Installing the file.
2021-01-13 23:00:48.690   Successfully installed the file.
2021-01-13 23:00:48.690   -- File entry --
2021-01-13 23:00:48.690   Dest filename: C:\Program Files (x86)\Dapodik\dataweb\apps\src\DataDikdas\Gtk.php
2021-01-13 23:00:48.691   Time stamp of our file: 2020-08-17 11:51:56.000
2021-01-13 23:00:48.691   Dest file exists.
2021-01-13 23:00:48.691   Time stamp of existing file: 2020-07-14 21:10:48.000
2021-01-13 23:00:48.691   Version of our file: (none)
2021-01-13 23:00:48.736   Version of existing file: (none)
2021-01-13 23:00:48.737   Installing the file.
2021-01-13 23:00:48.746   Successfully installed the file.
2021-01-13 23:00:48.747   -- File entry --
2021-01-13 23:00:48.747   Dest filename: C:\Program Files (x86)\Dapodik\dataweb\apps\src\DataDikdas\HboxformInfo.php
2021-01-13 23:00:48.747   Time stamp of our file: 2014-03-25 00:22:36.000
2021-01-13 23:00:48.747   Dest file exists.
2021-01-13 23:00:48.747   Time stamp of existing file: 2014-03-25 00:22:36.000
2021-01-13 23:00:48.747   Version of our file: (none)
2021-01-13 23:00:48.782   Version of existing file: (none)
2021-01-13 23:00:48.782   Installing the file.
2021-01-13 23:00:48.786   Successfully installed the file.
2021-01-13 23:00:48.786   -- File entry --
2021-01-13 23:00:48.786   Dest filename: C:\Program Files (x86)\Dapodik\dataweb\apps\src\DataDikdas\JadwalModule.php
2021-01-13 23:00:48.787   Time stamp of our file: 2019-08-06 09:12:16.000
2021-01-13 23:00:48.787   Dest file exists.
2021-01-13 23:00:48.787   Time stamp of existing file: 2019-08-06 09:12:16.000
2021-01-13 23:00:48.787   Version of our file: (none)
2021-01-13 23:00:48.833   Version of existing file: (none)
2021-01-13 23:00:48.833   Installing the file.
2021-01-13 23:00:48.840   Successfully installed the file.
2021-01-13 23:00:48.841   -- File entry --
2021-01-13 23:00:48.841   Dest filename: C:\Program Files (x86)\Dapodik\dataweb\apps\src\DataDikdas\Nilai.php
2021-01-13 23:00:48.841   Time stamp of our file: 2019-04-08 12:21:34.000
2021-01-13 23:00:48.841   Dest file exists.
2021-01-13 23:00:48.842   Time stamp of existing file: 2019-04-08 12:21:34.000
2021-01-13 23:00:48.842   Version of our file: (none)
2021-01-13 23:00:48.879   Version of existing file: (none)
2021-01-13 23:00:48.880   Installing the file.
2021-01-13 23:00:48.891   Successfully installed the file.
2021-01-13 23:00:48.891   -- File entry --
2021-01-13 23:00:48.891   Dest filename: C:\Program Files (x86)\Dapodik\dataweb\apps\src\DataDikdas\Pembelajaran.php
2021-01-13 23:00:48.892   Time stamp of our file: 2020-08-15 12:03:32.000
2021-01-13 23:00:48.892   Dest file exists.
2021-01-13 23:00:48.892   Time stamp of existing file: 2020-06-15 10:35:18.000
2021-01-13 23:00:48.892   Version of our file: (none)
2021-01-13 23:00:48.927   Version of existing file: (none)
2021-01-13 23:00:48.927   Installing the file.
2021-01-13 23:00:48.936   Successfully installed the file.
2021-01-13 23:00:48.936   -- File entry --
2021-01-13 23:00:48.937   Dest filename: C:\Program Files (x86)\Dapodik\dataweb\apps\src\DataDikdas\PesertaDidikCustom.php
2021-01-13 23:00:48.937   Time stamp of our file: 2020-08-11 14:10:52.000
2021-01-13 23:00:48.937   Dest file exists.
2021-01-13 23:00:48.937   Time stamp of existing file: 2020-07-13 15:48:52.000
2021-01-13 23:00:48.937   Version of our file: (none)
2021-01-13 23:00:48.977   Version of existing file: (none)
2021-01-13 23:00:48.977   Installing the file.
2021-01-13 23:00:48.989   Successfully installed the file.
2021-01-13 23:00:48.989   -- File entry --
2021-01-13 23:00:48.989   Dest filename: C:\Program Files (x86)\Dapodik\dataweb\apps\src\DataDikdas\Pustaka.php
2021-01-13 23:00:48.990   Time stamp of our file: 2020-01-20 11:32:22.000
2021-01-13 23:00:48.990   Dest file exists.
2021-01-13 23:00:48.990   Time stamp of existing file: 2020-01-20 11:32:22.000
2021-01-13 23:00:48.990   Version of our file: (none)
2021-01-13 23:00:49.028   Version of existing file: (none)
2021-01-13 23:00:49.028   Installing the file.
2021-01-13 23:00:49.033   Successfully installed the file.
2021-01-13 23:00:49.033   -- File entry --
2021-01-13 23:00:49.033   Dest filename: C:\Program Files (x86)\Dapodik\dataweb\apps\src\DataDikdas\Registration.php
2021-01-13 23:00:49.034   Time stamp of our file: 2017-12-13 14:43:58.000
2021-01-13 23:00:49.034   Dest file exists.
2021-01-13 23:00:49.034   Time stamp of existing file: 2017-12-13 14:43:58.000
2021-01-13 23:00:49.034   Version of our file: (none)
2021-01-13 23:00:49.065   Version of existing file: (none)
2021-01-13 23:00:49.065   Installing the file.
2021-01-13 23:00:49.070   Successfully installed the file.
2021-01-13 23:00:49.070   -- File entry --
2021-01-13 23:00:49.070   Dest filename: C:\Program Files (x86)\Dapodik\dataweb\apps\src\DataDikdas\Rest.php
2021-01-13 23:00:49.071   Time stamp of our file: 2020-08-12 09:36:26.000
2021-01-13 23:00:49.071   Dest file exists.
2021-01-13 23:00:49.071   Time stamp of existing file: 2020-06-10 13:12:38.000
2021-01-13 23:00:49.071   Version of our file: (none)
2021-01-13 23:00:49.072   Version of existing file: (none)
2021-01-13 23:00:49.072   Installing the file.
2021-01-13 23:00:49.086   Successfully installed the file.
2021-01-13 23:00:49.087   -- File entry --
2021-01-13 23:00:49.087   Dest filename: C:\Program Files (x86)\Dapodik\dataweb\apps\src\DataDikdas\Sarpras.php
2021-01-13 23:00:49.087   Time stamp of our file: 2020-07-08 14:34:34.000
2021-01-13 23:00:49.087   Dest file exists.
2021-01-13 23:00:49.088   Time stamp of existing file: 2020-07-08 14:34:34.000
2021-01-13 23:00:49.088   Version of our file: (none)
2021-01-13 23:00:49.131   Version of existing file: (none)
2021-01-13 23:00:49.131   Installing the file.
2021-01-13 23:00:49.141   Successfully installed the file.
2021-01-13 23:00:49.141   -- File entry --
2021-01-13 23:00:49.141   Dest filename: C:\Program Files (x86)\Dapodik\dataweb\apps\src\DataDikdas\Sc.php
2021-01-13 23:00:49.142   Time stamp of our file: 2016-07-11 11:56:18.000
2021-01-13 23:00:49.142   Dest file exists.
2021-01-13 23:00:49.142   Time stamp of existing file: 2016-07-11 11:56:18.000
2021-01-13 23:00:49.142   Version of our file: (none)
2021-01-13 23:00:49.228   Version of existing file: (none)
2021-01-13 23:00:49.228   Installing the file.
2021-01-13 23:00:49.232   Successfully installed the file.
2021-01-13 23:00:49.232   -- File entry --
2021-01-13 23:00:49.232   Dest filename: C:\Program Files (x86)\Dapodik\dataweb\apps\src\DataDikdas\TableInfo.php
2021-01-13 23:00:49.233   Time stamp of our file: 2019-07-22 13:08:20.000
2021-01-13 23:00:49.233   Dest file exists.
2021-01-13 23:00:49.233   Time stamp of existing file: 2019-07-22 13:08:20.000
2021-01-13 23:00:49.233   Version of our file: (none)
2021-01-13 23:00:49.281   Version of existing file: (none)
2021-01-13 23:00:49.281   Installing the file.
2021-01-13 23:00:49.287   Successfully installed the file.
2021-01-13 23:00:49.288   -- File entry --
2021-01-13 23:00:49.288   Dest filename: C:\Program Files (x86)\Dapodik\dataweb\apps\src\DataDikdas\UnduhExcelFormatImportNilai.php
2021-01-13 23:00:49.288   Time stamp of our file: 2019-02-25 15:53:54.000
2021-01-13 23:00:49.289   Dest file exists.
2021-01-13 23:00:49.289   Time stamp of existing file: 2019-02-25 15:53:54.000
2021-01-13 23:00:49.289   Version of our file: (none)
2021-01-13 23:00:49.336   Version of existing file: (none)
2021-01-13 23:00:49.336   Installing the file.
2021-01-13 23:00:49.346   Successfully installed the file.
2021-01-13 23:00:49.346   -- File entry --
2021-01-13 23:00:49.346   Dest filename: C:\Program Files (x86)\Dapodik\dataweb\apps\src\DataDikdas\UnduhExcelNilai.php
2021-01-13 23:00:49.347   Time stamp of our file: 2019-04-09 20:19:26.000
2021-01-13 23:00:49.347   Dest file exists.
2021-01-13 23:00:49.347   Time stamp of existing file: 2019-04-09 20:19:26.000
2021-01-13 23:00:49.347   Version of our file: (none)
2021-01-13 23:00:49.388   Version of existing file: (none)
2021-01-13 23:00:49.388   Installing the file.
2021-01-13 23:00:49.395   Successfully installed the file.
2021-01-13 23:00:49.395   -- File entry --
2021-01-13 23:00:49.395   Dest filename: C:\Program Files (x86)\Dapodik\dataweb\apps\src\DataDikdas\UnduhExcelPd.php
2021-01-13 23:00:49.396   Time stamp of our file: 2020-08-05 09:46:44.000
2021-01-13 23:00:49.396   Dest file exists.
2021-01-13 23:00:49.396   Time stamp of existing file: 2020-06-08 10:02:48.000
2021-01-13 23:00:49.396   Version of our file: (none)
2021-01-13 23:00:49.432   Version of existing file: (none)
2021-01-13 23:00:49.432   Installing the file.
2021-01-13 23:00:49.440   Successfully installed the file.
2021-01-13 23:00:49.440   -- File entry --
2021-01-13 23:00:49.440   Dest filename: C:\Program Files (x86)\Dapodik\dataweb\apps\src\DataDikdas\UnduhExcelPembelajaran.php
2021-01-13 23:00:49.441   Time stamp of our file: 2019-09-15 10:00:56.000
2021-01-13 23:00:49.441   Dest file exists.
2021-01-13 23:00:49.441   Time stamp of existing file: 2019-09-15 10:00:56.000
2021-01-13 23:00:49.441   Version of our file: (none)
2021-01-13 23:00:49.484   Version of existing file: (none)
2021-01-13 23:00:49.484   Installing the file.
2021-01-13 23:00:49.494   Successfully installed the file.
2021-01-13 23:00:49.494   -- File entry --
2021-01-13 23:00:49.494   Dest filename: C:\Program Files (x86)\Dapodik\dataweb\apps\src\DataDikdas\UnduhExcelPtk.php
2021-01-13 23:00:49.495   Time stamp of our file: 2019-09-06 08:32:24.000
2021-01-13 23:00:49.495   Dest file exists.
2021-01-13 23:00:49.495   Time stamp of existing file: 2019-09-06 08:32:24.000
2021-01-13 23:00:49.495   Version of our file: (none)
2021-01-13 23:00:49.526   Version of existing file: (none)
2021-01-13 23:00:49.526   Installing the file.
2021-01-13 23:00:49.533   Successfully installed the file.
2021-01-13 23:00:49.534   -- File entry --
2021-01-13 23:00:49.534   Dest filename: C:\Program Files (x86)\Dapodik\dataweb\apps\src\DataDikdas\UnduhExcelSekolah.php
2021-01-13 23:00:49.534   Time stamp of our file: 2020-08-05 09:46:50.000
2021-01-13 23:00:49.534   Dest file exists.
2021-01-13 23:00:49.535   Time stamp of existing file: 2020-07-14 17:23:18.000
2021-01-13 23:00:49.535   Version of our file: (none)
2021-01-13 23:00:49.586   Version of existing file: (none)
2021-01-13 23:00:49.586   Installing the file.
2021-01-13 23:00:49.606   Successfully installed the file.
2021-01-13 23:00:49.607   -- File entry --
2021-01-13 23:00:49.607   Dest filename: C:\Program Files (x86)\Dapodik\dataweb\apps\src\DataDikdas\UnduhExcelSekolahSmk.php
2021-01-13 23:00:49.607   Time stamp of our file: 2020-08-05 09:46:54.000
2021-01-13 23:00:49.607   Dest file exists.
2021-01-13 23:00:49.608   Time stamp of existing file: 2018-11-26 06:20:08.000
2021-01-13 23:00:49.608   Version of our file: (none)
2021-01-13 23:00:49.666   Version of existing file: (none)
2021-01-13 23:00:49.666   Installing the file.
2021-01-13 23:00:49.675   Successfully installed the file.
2021-01-13 23:00:49.676   -- File entry --
2021-01-13 23:00:49.676   Dest filename: C:\Program Files (x86)\Dapodik\dataweb\apps\src\DataDikdas\Update.php
2021-01-13 23:00:49.676   Time stamp of our file: 2015-05-19 14:06:04.000
2021-01-13 23:00:49.676   Dest file exists.
2021-01-13 23:00:49.676   Time stamp of existing file: 2015-05-19 14:06:04.000
2021-01-13 23:00:49.677   Version of our file: (none)
2021-01-13 23:00:49.711   Version of existing file: (none)
2021-01-13 23:00:49.711   Installing the file.
2021-01-13 23:00:49.715   Successfully installed the file.
2021-01-13 23:00:49.715   -- File entry --
2021-01-13 23:00:49.715   Dest filename: C:\Program Files (x86)\Dapodik\dataweb\apps\src\DataDikdas\Validation.php
2021-01-13 23:00:49.716   Time stamp of our file: 2020-08-16 06:46:20.000
2021-01-13 23:00:49.716   Dest file exists.
2021-01-13 23:00:49.716   Time stamp of existing file: 2020-07-19 01:48:22.000
2021-01-13 23:00:49.716   Version of our file: (none)
2021-01-13 23:00:49.793   Version of existing file: (none)
2021-01-13 23:00:49.793   Installing the file.
2021-01-13 23:00:49.841   Successfully installed the file.
2021-01-13 23:00:49.842   -- File entry --
2021-01-13 23:00:49.842   Dest filename: C:\Program Files (x86)\Dapodik\dataweb\apps\src\DataDikdas\Info\SekolahDetailTableInfo.php
2021-01-13 23:00:49.842   Time stamp of our file: 2020-08-05 09:46:40.000
2021-01-13 23:00:49.842   Dest file exists.
2021-01-13 23:00:49.843   Time stamp of existing file: 2020-07-17 21:00:38.000
2021-01-13 23:00:49.843   Version of our file: (none)
2021-01-13 23:00:49.892   Version of existing file: (none)
2021-01-13 23:00:49.892   Installing the file.
2021-01-13 23:00:49.905   Successfully installed the file.
2021-01-13 23:00:49.905   -- File entry --
2021-01-13 23:00:49.905   Dest filename: C:\Program Files (x86)\Dapodik\dataweb\apps\src\DataDikdas\Templates\template-absensi.php
2021-01-13 23:00:49.906   Time stamp of our file: 2017-10-02 11:11:00.000
2021-01-13 23:00:49.906   Dest file exists.
2021-01-13 23:00:49.906   Time stamp of existing file: 2017-10-02 11:11:00.000
2021-01-13 23:00:49.906   Version of our file: (none)
2021-01-13 23:00:49.937   Version of existing file: (none)
2021-01-13 23:00:49.937   Installing the file.
2021-01-13 23:00:49.954   Successfully installed the file.
2021-01-13 23:00:49.954   -- File entry --
2021-01-13 23:00:49.954   Dest filename: C:\Program Files (x86)\Dapodik\dataweb\apps\src\DataDikdas\Templates\template-formulir-pd-blank.php
2021-01-13 23:00:49.955   Time stamp of our file: 2015-07-25 08:16:18.000
2021-01-13 23:00:49.955   Dest file exists.
2021-01-13 23:00:49.955   Time stamp of existing file: 2015-07-25 08:16:18.000
2021-01-13 23:00:49.955   Version of our file: (none)
2021-01-13 23:00:49.987   Version of existing file: (none)
2021-01-13 23:00:49.987   Installing the file.
2021-01-13 23:00:49.992   Successfully installed the file.
2021-01-13 23:00:49.992   -- File entry --
2021-01-13 23:00:49.992   Dest filename: C:\Program Files (x86)\Dapodik\dataweb\apps\src\DataDikdas\Templates\template-formulir-pd.php
2021-01-13 23:00:49.993   Time stamp of our file: 2020-06-08 10:01:04.000
2021-01-13 23:00:49.993   Dest file exists.
2021-01-13 23:00:49.993   Time stamp of existing file: 2020-06-08 10:01:04.000
2021-01-13 23:00:49.993   Version of our file: (none)
2021-01-13 23:00:50.031   Version of existing file: (none)
2021-01-13 23:00:50.032   Installing the file.
2021-01-13 23:00:50.042   Successfully installed the file.
2021-01-13 23:00:50.042   -- File entry --
2021-01-13 23:00:50.043   Dest filename: C:\Program Files (x86)\Dapodik\dataweb\apps\src\DataDikdas\Templates\template-formulir-ptk-blank.php
2021-01-13 23:00:50.043   Time stamp of our file: 2015-07-25 08:32:52.000
2021-01-13 23:00:50.043   Dest file exists.
2021-01-13 23:00:50.044   Time stamp of existing file: 2015-07-25 08:32:52.000
2021-01-13 23:00:50.044   Version of our file: (none)
2021-01-13 23:00:50.099   Version of existing file: (none)
2021-01-13 23:00:50.099   Installing the file.
2021-01-13 23:00:50.104   Successfully installed the file.
2021-01-13 23:00:50.104   -- File entry --
2021-01-13 23:00:50.105   Dest filename: C:\Program Files (x86)\Dapodik\dataweb\apps\src\DataDikdas\Templates\template-formulir-ptk.php
2021-01-13 23:00:50.105   Time stamp of our file: 2015-07-29 15:18:18.000
2021-01-13 23:00:50.105   Dest file exists.
2021-01-13 23:00:50.105   Time stamp of existing file: 2015-07-29 15:18:18.000
2021-01-13 23:00:50.105   Version of our file: (none)
2021-01-13 23:00:50.141   Version of existing file: (none)
2021-01-13 23:00:50.141   Installing the file.
2021-01-13 23:00:50.154   Successfully installed the file.
2021-01-13 23:00:50.155   -- File entry --
2021-01-13 23:00:50.155   Dest filename: C:\Program Files (x86)\Dapodik\dataweb\apps\src\DataDikdas\Templates\template-jadwal.php
2021-01-13 23:00:50.155   Time stamp of our file: 2017-07-13 15:20:00.000
2021-01-13 23:00:50.155   Dest file exists.
2021-01-13 23:00:50.156   Time stamp of existing file: 2017-07-13 15:20:00.000
2021-01-13 23:00:50.156   Version of our file: (none)
2021-01-13 23:00:50.184   Version of existing file: (none)
2021-01-13 23:00:50.184   Installing the file.
2021-01-13 23:00:50.188   Successfully installed the file.
2021-01-13 23:00:50.188   -- File entry --
2021-01-13 23:00:50.188   Dest filename: C:\Program Files (x86)\Dapodik\dataweb\apps\src\DataDikdas\Templates\template-koreg.php
2021-01-13 23:00:50.189   Time stamp of our file: 2013-12-11 12:25:52.000
2021-01-13 23:00:50.189   Dest file exists.
2021-01-13 23:00:50.189   Time stamp of existing file: 2013-12-11 12:25:52.000
2021-01-13 23:00:50.189   Version of our file: (none)
2021-01-13 23:00:50.217   Version of existing file: (none)
2021-01-13 23:00:50.217   Installing the file.
2021-01-13 23:00:50.221   Successfully installed the file.
2021-01-13 23:00:50.221   -- File entry --
2021-01-13 23:00:50.222   Dest filename: C:\Program Files (x86)\Dapodik\dataweb\apps\src\DataDikdas\Templates\template-pd-keluar.php
2021-01-13 23:00:50.222   Time stamp of our file: 2019-08-17 06:24:04.000
2021-01-13 23:00:50.222   Dest file exists.
2021-01-13 23:00:50.222   Time stamp of existing file: 2019-08-17 06:24:04.000
2021-01-13 23:00:50.222   Version of our file: (none)
2021-01-13 23:00:50.252   Version of existing file: (none)
2021-01-13 23:00:50.252   Installing the file.
2021-01-13 23:00:50.258   Successfully installed the file.
2021-01-13 23:00:50.258   -- File entry --
2021-01-13 23:00:50.259   Dest filename: C:\Program Files (x86)\Dapodik\dataweb\apps\src\DataDikdas\Templates\template-pd.php
2021-01-13 23:00:50.259   Time stamp of our file: 2017-07-24 11:47:10.000
2021-01-13 23:00:50.259   Dest file exists.
2021-01-13 23:00:50.259   Time stamp of existing file: 2017-07-24 11:47:10.000
2021-01-13 23:00:50.259   Version of our file: (none)
2021-01-13 23:00:50.288   Version of existing file: (none)
2021-01-13 23:00:50.289   Installing the file.
2021-01-13 23:00:50.295   Successfully installed the file.
2021-01-13 23:00:50.296   -- File entry --
2021-01-13 23:00:50.296   Dest filename: C:\Program Files (x86)\Dapodik\dataweb\apps\src\DataDikdas\Templates\template-profil.php
2021-01-13 23:00:50.296   Time stamp of our file: 2017-08-01 12:27:46.000
2021-01-13 23:00:50.296   Dest file exists.
2021-01-13 23:00:50.297   Time stamp of existing file: 2017-08-01 12:27:46.000
2021-01-13 23:00:50.297   Version of our file: (none)
2021-01-13 23:00:50.328   Version of existing file: (none)
2021-01-13 23:00:50.328   Installing the file.
2021-01-13 23:00:50.339   Successfully installed the file.
2021-01-13 23:00:50.339   -- File entry --
2021-01-13 23:00:50.339   Dest filename: C:\Program Files (x86)\Dapodik\dataweb\apps\src\DataDikdas\Templates\template-ptk-keluar.php
2021-01-13 23:00:50.340   Time stamp of our file: 2017-07-24 11:47:32.000
2021-01-13 23:00:50.340   Dest file exists.
2021-01-13 23:00:50.340   Time stamp of existing file: 2017-07-24 11:47:32.000
2021-01-13 23:00:50.340   Version of our file: (none)
2021-01-13 23:00:50.369   Version of existing file: (none)
2021-01-13 23:00:50.369   Installing the file.
2021-01-13 23:00:50.375   Successfully installed the file.
2021-01-13 23:00:50.375   -- File entry --
2021-01-13 23:00:50.375   Dest filename: C:\Program Files (x86)\Dapodik\dataweb\apps\src\DataDikdas\Templates\template-ptk.php
2021-01-13 23:00:50.376   Time stamp of our file: 2017-07-24 11:47:24.000
2021-01-13 23:00:50.376   Dest file exists.
2021-01-13 23:00:50.376   Time stamp of existing file: 2017-07-24 11:47:24.000
2021-01-13 23:00:50.376   Version of our file: (none)
2021-01-13 23:00:50.405   Version of existing file: (none)
2021-01-13 23:00:50.405   Installing the file.
2021-01-13 23:00:50.413   Successfully installed the file.
2021-01-13 23:00:50.413   -- File entry --
2021-01-13 23:00:50.413   Dest filename: C:\Program Files (x86)\Dapodik\dataweb\apps\src\DataDikdas\Templates\template-un.php
2021-01-13 23:00:50.414   Time stamp of our file: 2014-03-25 00:22:36.000
2021-01-13 23:00:50.414   Dest file exists.
2021-01-13 23:00:50.414   Time stamp of existing file: 2014-03-25 00:22:36.000
2021-01-13 23:00:50.414   Version of our file: (none)
2021-01-13 23:00:50.442   Version of existing file: (none)
2021-01-13 23:00:50.442   Installing the file.
2021-01-13 23:00:50.448   Successfully installed the file.
2021-01-13 23:00:50.448   -- File entry --
2021-01-13 23:00:50.448   Dest filename: C:\Program Files (x86)\Dapodik\dataweb\apps\src\DataDikdas\Templates\template-validasi.php
2021-01-13 23:00:50.449   Time stamp of our file: 2016-06-23 23:46:14.000
2021-01-13 23:00:50.449   Dest file exists.
2021-01-13 23:00:50.449   Time stamp of existing file: 2016-06-23 23:46:14.000
2021-01-13 23:00:50.449   Version of our file: (none)
2021-01-13 23:00:50.477   Version of existing file: (none)
2021-01-13 23:00:50.477   Installing the file.
2021-01-13 23:00:50.482   Successfully installed the file.
2021-01-13 23:00:50.482   -- File entry --
2021-01-13 23:00:50.483   Dest filename: C:\Program Files (x86)\Dapodik\dataweb\apps\src\DataDikdas\Templates\template_info_ptk.php
2021-01-13 23:00:50.483   Time stamp of our file: 2020-07-05 11:32:12.000
2021-01-13 23:00:50.483   Dest file exists.
2021-01-13 23:00:50.483   Time stamp of existing file: 2020-07-05 11:32:12.000
2021-01-13 23:00:50.483   Version of our file: (none)
2021-01-13 23:00:50.512   Version of existing file: (none)
2021-01-13 23:00:50.512   Installing the file.
2021-01-13 23:00:50.519   Successfully installed the file.
2021-01-13 23:00:50.519   -- File entry --
2021-01-13 23:00:50.520   Dest filename: C:\Program Files (x86)\Dapodik\dataweb\apps\src\DataDikdas\Templates\template_surat_mutasi_pd.php
2021-01-13 23:00:50.520   Time stamp of our file: 2018-01-16 11:23:32.000
2021-01-13 23:00:50.520   Dest file exists.
2021-01-13 23:00:50.520   Time stamp of existing file: 2018-01-16 11:23:32.000
2021-01-13 23:00:50.520   Version of our file: (none)
2021-01-13 23:00:50.550   Version of existing file: (none)
2021-01-13 23:00:50.550   Installing the file.
2021-01-13 23:00:50.555   Successfully installed the file.
2021-01-13 23:00:50.555   -- File entry --
2021-01-13 23:00:50.555   Dest filename: C:\Program Files (x86)\Dapodik\dataweb\apps\src\DataDikdas\Templates\template_surat_mutasi_pd_just_image.php
2021-01-13 23:00:50.555   Time stamp of our file: 2017-08-02 13:02:40.000
2021-01-13 23:00:50.555   Dest file exists.
2021-01-13 23:00:50.556   Time stamp of existing file: 2017-08-02 13:02:40.000
2021-01-13 23:00:50.556   Version of our file: (none)
2021-01-13 23:00:50.632   Version of existing file: (none)
2021-01-13 23:00:50.633   Installing the file.
2021-01-13 23:00:50.638   Successfully installed the file.
2021-01-13 23:00:50.638   -- File entry --
2021-01-13 23:00:50.638   Dest filename: C:\Program Files (x86)\Dapodik\dataweb\apps\src\DataDikdas\Templates\template_un.php
2021-01-13 23:00:50.639   Time stamp of our file: 2017-08-01 12:28:18.000
2021-01-13 23:00:50.639   Dest file exists.
2021-01-13 23:00:50.639   Time stamp of existing file: 2017-08-01 12:28:18.000
2021-01-13 23:00:50.639   Version of our file: (none)
2021-01-13 23:00:50.668   Version of existing file: (none)
2021-01-13 23:00:50.668   Installing the file.
2021-01-13 23:00:50.673   Successfully installed the file.
2021-01-13 23:00:50.674   -- File entry --
2021-01-13 23:00:50.674   Dest filename: C:\Program Files (x86)\Dapodik\dataweb\apps\web\changelog.txt
2021-01-13 23:00:50.674   Time stamp of our file: 2020-08-17 21:17:44.000
2021-01-13 23:00:50.674   Dest file exists.
2021-01-13 23:00:50.674   Time stamp of existing file: 2020-07-18 23:48:18.000
2021-01-13 23:00:50.675   Version of our file: (none)
2021-01-13 23:00:50.692   Version of existing file: (none)
2021-01-13 23:00:50.692   Installing the file.
2021-01-13 23:00:50.696   Successfully installed the file.
2021-01-13 23:00:50.696   -- File entry --
2021-01-13 23:00:50.696   Dest filename: C:\Program Files (x86)\Dapodik\dataweb\apps\web\float.html
2021-01-13 23:00:50.697   Time stamp of our file: 2020-08-08 11:41:54.000
2021-01-13 23:00:50.697   Dest file exists.
2021-01-13 23:00:50.697   Time stamp of existing file: 2020-07-14 22:26:26.000
2021-01-13 23:00:50.697   Version of our file: (none)
2021-01-13 23:00:50.759   Version of existing file: (none)
2021-01-13 23:00:50.759   Installing the file.
2021-01-13 23:00:50.764   Successfully installed the file.
2021-01-13 23:00:50.764   -- File entry --
2021-01-13 23:00:50.764   Dest filename: C:\Program Files (x86)\Dapodik\dataweb\apps\web\rolepengguna.php
2021-01-13 23:00:50.764   Time stamp of our file: 2020-08-08 11:46:32.000
2021-01-13 23:00:50.764   Installing the file.
2021-01-13 23:00:50.768   Successfully installed the file.
2021-01-13 23:00:50.769   -- File entry --
2021-01-13 23:00:50.769   Dest filename: C:\Program Files (x86)\Dapodik\dataweb\apps\web\classic\app.js
2021-01-13 23:00:50.769   Time stamp of our file: 2020-08-18 00:15:56.000
2021-01-13 23:00:50.769   Dest file exists.
2021-01-13 23:00:50.770   Time stamp of existing file: 2020-07-18 23:48:48.000
2021-01-13 23:00:50.770   Version of our file: (none)
2021-01-13 23:00:50.859   Version of existing file: (none)
2021-01-13 23:00:50.859   Installing the file.
2021-01-13 23:00:51.105   Successfully installed the file.
2021-01-13 23:00:51.105   -- File entry --
2021-01-13 23:00:51.105   Dest filename: C:\Program Files (x86)\Dapodik\dataweb\apps\web\resources\css\DapodikApp.css
2021-01-13 23:00:51.106   Time stamp of our file: 2020-08-13 15:01:04.000
2021-01-13 23:00:51.106   Dest file exists.
2021-01-13 23:00:51.106   Time stamp of existing file: 2020-07-14 22:06:58.000
2021-01-13 23:00:51.106   Version of our file: (none)
2021-01-13 23:00:51.128   Version of existing file: (none)
2021-01-13 23:00:51.128   Installing the file.
2021-01-13 23:00:51.133   Successfully installed the file.
2021-01-13 23:00:51.133   -- File entry --
2021-01-13 23:00:51.133   Dest filename: C:\Program Files (x86)\Dapodik\dataweb\apps\web\resources\css\w3v4.css
2021-01-13 23:00:51.134   Time stamp of our file: 2020-08-06 19:23:38.000
2021-01-13 23:00:51.134   Installing the file.
2021-01-13 23:00:51.139   Successfully installed the file.
2021-01-13 23:00:51.139   -- File entry --
2021-01-13 23:00:51.139   Dest filename: C:\Program Files (x86)\Dapodik\dataweb\apps\web\resources\images\alur_akun.jpg
2021-01-13 23:00:51.139   Time stamp of our file: 2020-08-17 21:12:32.000
2021-01-13 23:00:51.139   Installing the file.
2021-01-13 23:00:51.193   Successfully installed the file.
2021-01-13 23:00:51.193   -- File entry --
2021-01-13 23:00:51.193   Dest filename: C:\Program Files (x86)\Dapodik\dataweb\apps\web\resources\images\logo_dapodik.png
2021-01-13 23:00:51.194   Time stamp of our file: 2020-01-28 15:16:04.000
2021-01-13 23:00:51.194   Installing the file.
2021-01-13 23:00:51.207   Successfully installed the file.
2021-01-13 23:00:51.207   -- File entry --
2021-01-13 23:00:51.207   Dest filename: C:\Program Files (x86)\Dapodik\dataweb\synch_dikdas\index.php
2021-01-13 23:00:51.208   Time stamp of our file: 2020-08-17 09:53:38.000
2021-01-13 23:00:51.208   Dest file exists.
2021-01-13 23:00:51.208   Time stamp of existing file: 2020-07-18 19:47:30.000
2021-01-13 23:00:51.208   Version of our file: (none)
2021-01-13 23:00:51.240   Version of existing file: (none)
2021-01-13 23:00:51.240   Installing the file.
2021-01-13 23:00:51.250   Successfully installed the file.
2021-01-13 23:00:51.250   -- File entry --
2021-01-13 23:00:51.250   Dest filename: C:\Program Files (x86)\Dapodik\dataweb\synch_dikdas\sinkronisasi.php
2021-01-13 23:00:51.251   Time stamp of our file: 2020-08-17 09:53:44.000
2021-01-13 23:00:51.251   Dest file exists.
2021-01-13 23:00:51.251   Time stamp of existing file: 2020-07-18 19:47:58.000
2021-01-13 23:00:51.251   Version of our file: (none)
2021-01-13 23:00:51.295   Version of existing file: (none)
2021-01-13 23:00:51.295   Installing the file.
2021-01-13 23:00:51.325   Successfully installed the file.
2021-01-13 23:00:51.325   -- Registry entry --
2021-01-13 23:00:51.325   Key: HKEY_LOCAL_MACHINE\Software\DitjenDikdasmen\Dapodik
2021-01-13 23:00:51.325   Value name: version
2021-01-13 23:00:51.325   Creating or opening the key.
2021-01-13 23:00:51.326   Creating or setting the value.
2021-01-13 23:00:51.326   Successfully created or set the value.
2021-01-13 23:00:51.326   -- Registry entry --
2021-01-13 23:00:51.326   Key: HKEY_LOCAL_MACHINE\Software\DitjenDikdasmen\Dapodik
2021-01-13 23:00:51.326   Value name: version_string
2021-01-13 23:00:51.326   Creating or opening the key.
2021-01-13 23:00:51.326   Creating or setting the value.
2021-01-13 23:00:51.326   Successfully created or set the value.
2021-01-13 23:00:51.326   Saving uninstall information.
2021-01-13 23:00:51.326   Renaming uninstaller.
2021-01-13 23:00:51.385   Installation process succeeded.
2021-01-13 23:00:51.385   Need to restart Windows? No
2021-01-13 23:00:51.391   Deinitializing Setup.
2021-01-13 23:00:51.404   Log closed.
